\BOOKMARK [0][-]{chapter.1}{\376\377\000W\000s\000t\001\031\000p}{}% 1
\BOOKMARK [1][-]{section.1.1}{\376\377\000W\000p\000r\000o\000w\000a\000d\000z\000e\000n\000i\000e}{chapter.1}% 2
\BOOKMARK [1][-]{section.1.2}{\376\377\000C\000e\000l\000\040\000i\000\040\000z\000a\000k\000r\000e\000s\000\040\000p\000r\000a\000c\000y}{chapter.1}% 3
\BOOKMARK [1][-]{section.1.3}{\376\377\000P\000r\000z\000e\000g\000l\001\005\000d\000\040\000l\000i\000t\000e\000r\000a\000t\000u\000r\000y}{chapter.1}% 4
\BOOKMARK [1][-]{section.1.4}{\376\377\000S\000t\000r\000u\000k\000t\000u\000r\000a\000\040\000p\000r\000a\000c\000y}{chapter.1}% 5
\BOOKMARK [0][-]{chapter.2}{\376\377\000W\000p\000r\000o\000w\000a\000d\000z\000e\000n\000i\000e\000\040\000d\000o\000\040\000g\001\102\001\031\000b\000o\000k\000i\000c\000h\000\040\000s\000i\000e\000c\000i\000\040\000n\000e\000u\000r\000o\000n\000o\000w\000y\000c\000h}{}% 6
\BOOKMARK [1][-]{section.2.1}{\376\377\000D\000e\000e\000p\000\040\000l\000e\000a\000r\000n\000i\000n\000g\000,\000\040\000c\000z\000y\000l\000i\000\040\000g\001\102\001\031\000b\000o\000k\000i\000e\000\040\000s\000i\000e\000c\000i\000\040\000n\000e\000u\000r\000o\000n\000o\000w\000e}{chapter.2}% 7
\BOOKMARK [1][-]{section.2.2}{\376\377\000P\000o\000r\000\363\000w\000n\000a\000n\000i\000e\000\040\000k\000l\000a\000s\000y\000c\000z\000n\000y\000c\000h\000\040\000o\000r\000a\000z\000\040\000g\001\102\001\031\000b\000o\000k\000i\000c\000h\000\040\000s\000i\000e\000c\000i\000\040\000n\000e\000u\000r\000o\000n\000o\000w\000y\000c\000h}{chapter.2}% 8
\BOOKMARK [1][-]{section.2.3}{\376\377\000A\000r\000c\000h\000i\000t\000e\000k\000t\000u\000r\000y\000\040\000g\001\102\001\031\000b\000o\000k\000i\000c\000h\000\040\000s\000i\000e\000c\000i\000\040\000n\000e\000u\000r\000o\000n\000o\000w\000y\000c\000h}{chapter.2}% 9
\BOOKMARK [2][-]{subsection.2.3.1}{\376\377\000S\000p\000l\000o\000t\000o\000w\000e\000\040\000s\000i\000e\000c\000i\000\040\000n\000e\000u\000r\000o\000n\000o\000w\000e}{section.2.3}% 10
\BOOKMARK [2][-]{subsection.2.3.2}{\376\377\000R\000e\000k\000u\000r\000e\000n\000c\000y\000j\000n\000e\000\040\000s\000i\000e\000c\000i\000\040\000n\000e\000u\000r\000o\000n\000o\000w\000e}{section.2.3}% 11
\BOOKMARK [0][-]{chapter.3}{\376\377\000O\000m\000\363\000w\000i\000e\000n\000i\000e\000\040\000w\000y\000b\000r\000a\000n\000e\000g\000o\000\040\000p\000r\000o\000b\000l\000e\000m\000u\000\040\000d\000i\000a\000g\000n\000o\000s\000t\000y\000k\000i\000\040\000m\000e\000d\000y\000c\000z\000n\000e\000j}{}% 12
\BOOKMARK [1][-]{section.3.1}{\376\377\000P\000r\000z\000e\000d\000s\000t\000a\000w\000i\000e\000n\000i\000e\000\040\000p\000r\000o\000b\000l\000e\000m\000u}{chapter.3}% 13
\BOOKMARK [1][-]{section.3.2}{\376\377\000D\000o\000s\000t\001\031\000p\000n\000e\000\040\000d\000a\000n\000e}{chapter.3}% 14
\BOOKMARK [1][-]{section.3.3}{\376\377\000O\000c\000z\000e\000k\000i\000w\000a\000n\000e\000\040\000r\000e\000z\000u\000l\000t\000a\000t\000y}{chapter.3}% 15
\BOOKMARK [0][-]{chapter.4}{\376\377\000P\000r\000z\000e\000g\000l\001\005\000d\000\040\000d\000o\000s\000t\001\031\000p\000n\000y\000c\000h\000\040\000b\000i\000b\000l\000i\000o\000t\000e\000k\000\040\000o\000r\000a\000z\000\040\000n\000a\000r\000z\001\031\000d\000z\000i\000\040\000p\000r\000o\000g\000r\000a\000m\000i\000s\000t\000y\000c\000z\000n\000y\000c\000h}{}% 16
\BOOKMARK [1][-]{section.4.1}{\376\377\000D\000o\000s\000t\001\031\000p\000n\000e\000\040\000n\000a\000r\000z\001\031\000d\000z\000i\000a}{chapter.4}% 17
\BOOKMARK [1][-]{section.4.2}{\376\377\000W\000y\000b\000r\000a\000n\000y\000\040\000s\000t\000o\000s\000\040\000t\000e\000c\000h\000n\000o\000l\000o\000g\000i\000c\000z\000n\000y}{chapter.4}% 18
\BOOKMARK [0][-]{chapter.5}{\376\377\000R\000o\000z\000w\000i\001\005\000z\000a\000n\000i\000e\000\040\000p\000r\000o\000b\000l\000e\000m\000u}{}% 19
\BOOKMARK [1][-]{section.5.1}{\376\377\000P\000r\000z\000y\000g\000o\000t\000o\000w\000a\000n\000i\000e\000\040\000d\000a\000n\000y\000c\000h}{chapter.5}% 20
\BOOKMARK [1][-]{section.5.2}{\376\377\000M\000e\000t\000o\000d\000a\000\040\000o\000c\000e\000n\000y\000\040\000w\000y\000n\000i\000k\000\363\000w}{chapter.5}% 21
\BOOKMARK [2][-]{subsection.5.2.1}{\376\377\000H\000o\000l\000d\000-\000o\000u\000t}{section.5.2}% 22
\BOOKMARK [2][-]{subsection.5.2.2}{\376\377\000W\000a\000l\000i\000d\000a\000c\000j\000a\000\040\000k\000r\000z\000y\001\174\000o\000w\000a}{section.5.2}% 23
\BOOKMARK [2][-]{subsection.5.2.3}{\376\377\000I\000m\000p\000l\000e\000m\000e\000n\000t\000a\000c\000j\000a\000\040\000w\000a\000l\000i\000d\000a\000c\000j\000i}{section.5.2}% 24
\BOOKMARK [1][-]{section.5.3}{\376\377\000U\000r\000u\000c\000h\000o\000m\000i\000e\000n\000i\000e\000\040\000u\000c\000z\000e\000n\000i\000a\000\040\000w\001\102\000a\001\133\000c\000i\000w\000e\000g\000o}{chapter.5}% 25
\BOOKMARK [2][-]{subsection.5.3.1}{\376\377\000B\000u\000d\000o\000w\000a\000\040\000m\000o\000d\000e\000l\000u}{section.5.3}% 26
\BOOKMARK [2][-]{subsection.5.3.2}{\376\377\000L\000i\000s\000t\000a\000\040\000c\000a\000l\000l\000b\000a\000c\000k\000'\000\363\000w}{section.5.3}% 27
\BOOKMARK [2][-]{subsection.5.3.3}{\376\377\000F\000u\000n\000k\000c\000j\000a\000\040\000d\000o\000p\000a\000s\000o\000w\000a\000n\000i\000a}{section.5.3}% 28
\BOOKMARK [2][-]{subsection.5.3.4}{\376\377\000S\000p\000r\000a\000w\000d\000z\000e\000n\000i\000e\000\040\000s\000k\000u\000t\000e\000c\000z\000n\000o\001\133\000c\000i}{section.5.3}% 29
\BOOKMARK [1][-]{section.5.4}{\376\377\000M\000o\000n\000i\000t\000o\000r\000o\000w\000a\000n\000i\000e}{chapter.5}% 30
\BOOKMARK [1][-]{section.5.5}{\376\377\000W\000y\000b\000\363\000r\000\040\000r\000o\000d\000z\000a\000j\000u\000\040\000s\000i\000e\000c\000i\000\040\000n\000e\000u\000r\000o\000n\000o\000w\000e\000j}{chapter.5}% 31
\BOOKMARK [2][-]{subsection.5.5.1}{\376\377\000K\000l\000a\000s\000y\000c\000z\000n\000a\000\040\000s\000i\000e\001\007\000\040\000n\000e\000u\000r\000o\000n\000o\000w\000a\000\040\000t\000y\000p\000u\000\040\000f\000u\000l\000l\000y\000\040\000c\000o\000n\000n\000e\000c\000t\000e\000d}{section.5.5}% 32
\BOOKMARK [2][-]{subsection.5.5.2}{\376\377\000S\000i\000e\001\007\000\040\000s\000p\000l\000o\000t\000o\000w\000a\000\040\000z\000\040\000f\000i\000l\000t\000r\000e\000m\000\040\0001\000-\000w\000y\000m\000i\000a\000r\000o\000w\000y\000m}{section.5.5}% 33
\BOOKMARK [2][-]{subsection.5.5.3}{\376\377\000S\000i\000e\001\007\000\040\000s\000p\000l\000o\000t\000o\000w\000a\000\040\000z\000\040\000f\000i\000l\000t\000r\000e\000m\000\040\0002\000-\000w\000y\000m\000i\000a\000r\000o\000w\000y\000m}{section.5.5}% 34
\BOOKMARK [2][-]{subsection.5.5.4}{\376\377\000S\000i\000e\001\007\000\040\000r\000e\000k\000u\000r\000e\000n\000c\000y\000j\000n\000a}{section.5.5}% 35
\BOOKMARK [2][-]{subsection.5.5.5}{\376\377\000P\000o\001\102\001\005\000c\000z\000e\000n\000i\000e\000\040\000s\000i\000e\000c\000i\000\040\000s\000p\000l\000o\000t\000o\000w\000e\000j\000\040\000z\000\040\000r\000e\000k\000u\000r\000e\000n\000c\000y\000j\000n\001\005}{section.5.5}% 36
\BOOKMARK [2][-]{subsection.5.5.6}{\376\377\000P\000o\000d\000s\000u\000m\000o\000w\000a\000n\000i\000e}{section.5.5}% 37
\BOOKMARK [1][-]{section.5.6}{\376\377\000O\000p\000t\000y\000m\000a\000l\000i\000z\000a\000c\000j\000a}{chapter.5}% 38
\BOOKMARK [2][-]{subsection.5.6.1}{\376\377\000B\000a\000t\000c\000h\000\040\000n\000o\000r\000m\000a\000l\000i\000z\000a\000t\000i\000o\000n}{section.5.6}% 39
\BOOKMARK [2][-]{subsection.5.6.2}{\376\377\000D\000r\000o\000p\000o\000u\000t}{section.5.6}% 40
\BOOKMARK [2][-]{subsection.5.6.3}{\376\377\000W\000y\000b\000\363\000r\000\040\000o\000p\000t\000y\000m\000a\000l\000i\000z\000a\000t\000o\000r\000a}{section.5.6}% 41
\BOOKMARK [2][-]{subsection.5.6.4}{\376\377\000A\000d\000a\000p\000t\000a\000c\000y\000j\000n\000y\000\040\000w\000s\000p\000\363\001\102\000c\000z\000y\000n\000n\000i\000k\000\040\000u\000c\000z\000e\000n\000i\000a}{section.5.6}% 42
\BOOKMARK [2][-]{subsection.5.6.5}{\376\377\000M\000o\000d\000y\000f\000i\000k\000a\000c\000j\000a\000\040\000r\000o\000z\000m\000i\000a\000r\000u\000\040\000s\000i\000e\000c\000i}{section.5.6}% 43
\BOOKMARK [1][-]{section.5.7}{\376\377\000W\000e\000r\000y\000f\000i\000k\000a\000c\000j\000a\000\040\000i\000\040\000o\000c\000e\000n\000a\000\040\000o\000t\000r\000z\000y\000m\000a\000n\000y\000c\000h\000\040\000r\000e\000z\000u\000l\000t\000a\000t\000\363\000w}{chapter.5}% 44
\BOOKMARK [0][-]{chapter.6}{\376\377\000P\000o\000d\000s\000u\000m\000o\000w\000a\000n\000i\000e\000\040\000i\000\040\000w\000n\000i\000o\000s\000k\000i\000\040\000k\000o\001\104\000c\000o\000w\000e}{}% 45
\BOOKMARK [1][-]{section.6.1}{\376\377\000M\000o\001\174\000l\000i\000w\000o\001\133\000c\000i\000\040\000r\000o\000z\000w\000o\000j\000u}{chapter.6}% 46
\BOOKMARK [0][-]{appendix.A}{\376\377\000U\001\174\000y\000c\000i\000e\000\040\000b\000i\000b\000l\000i\000o\000t\000e\000k\000i\000\040\000K\000e\000r\000a\000s\000\040\000w\000\040\000j\001\031\000z\000y\000k\000u\000\040\000R}{}% 47
\BOOKMARK [1][-]{section.A.1}{\376\377\000I\000m\000p\000l\000e\000m\000e\000n\000t\000a\000c\000j\000a\000\040\000p\000r\000z\000y\000k\001\102\000a\000d\000o\000w\000e\000g\000o\000\040\000m\000o\000d\000e\000l\000u\000\040\000d\000o\000\040\000k\000l\000a\000s\000y\000f\000i\000k\000a\000c\000j\000i\000\040\000d\000a\000n\000y\000c\000h\000\040\000M\000N\000I\000S\000T}{appendix.A}% 48
\BOOKMARK [1][-]{section.A.2}{\376\377\000M\000o\000d\000e\000l\000\040\000s\000i\000e\000c\000i\000\040\000d\000o\000\040\000r\000o\000z\000p\000o\000z\000n\000a\000w\000a\000n\000i\000a\000\040\000s\000t\000a\000n\000\363\000w\000\040\000p\000a\000d\000a\000c\000z\000k\000o\000w\000y\000c\000h\000\040\000w\000\040\000j\001\031\000z\000y\000k\000u\000\040\000R}{appendix.A}% 49
\BOOKMARK [1][-]{section.A.3}{\376\377\000P\000o\000d\000s\000u\000m\000o\000w\000a\000n\000i\000e}{appendix.A}% 50
\BOOKMARK [0][-]{appendix.B}{\376\377\000P\001\102\000y\000t\000a\000\040\000D\000V\000D}{}% 51
